{
  "stats": {
    "suites": 1,
    "tests": 1,
    "passes": 0,
    "pending": 0,
    "failures": 1,
    "start": "2022-01-22T12:16:05.578Z",
    "end": "2022-01-22T12:16:17.696Z",
    "duration": 12118,
    "testsRegistered": 1,
    "passPercent": 0,
    "pendingPercent": 0,
    "other": 0,
    "hasOther": false,
    "skipped": 0,
    "hasSkipped": false
  },
  "results": [
    {
      "uuid": "8e245a52-9f61-4b5d-8a6f-f269fce67a4d",
      "title": "",
      "fullFile": "cypress/integration/alamosafer_test/home_page.js",
      "file": "cypress/integration/alamosafer_test/home_page.js",
      "beforeHooks": [],
      "afterHooks": [],
      "tests": [],
      "suites": [
        {
          "uuid": "6f60f884-c874-456c-a8c0-8fe69233a574",
          "title": "test almosafer homepage",
          "fullFile": "",
          "file": "",
          "beforeHooks": [],
          "afterHooks": [],
          "tests": [
            {
              "title": "should have the hotel tab, and the functions should be working probably",
              "fullTitle": "test almosafer homepage should have the hotel tab, and the functions should be working probably",
              "timedOut": null,
              "duration": 7052,
              "state": "failed",
              "speed": null,
              "pass": false,
              "fail": true,
              "pending": false,
              "context": null,
              "code": "homePage.switchToHotelTab();\nhomePage.addInputBasedOnLanguageAndClick(); //5. Randomly select “1 room, 2 adults, 0 children” or “1 room, 1 adult, 0 children” option\nhomePage.selectRoomOption(); //6. Click on search hotels button\nhomePage.clickOnSearchHotelBtn(); //7. On new page (which is ‘search results page’)\n//a. Wait for loading to fully complete (wait for loading bar or API, up to you)\nhomePage.waitUntillSearchLoaded(); //b. *important*: do some assertions (which assertions to do ? identify yourself)\n//hotel label is inside the search result.\nhomePage.SearchResultContainsHotels(); //8. Apply sorting option by “LOWEST PRICE”\nhomePage.applyLowestPrice();",
              "err": {
                "message": "CypressError: The following error originated from your application code, not from Cypress. It was caused by an unhandled promise rejection.\n\n  > undefined\n\nWhen Cypress detects uncaught errors originating from your application it will automatically fail the current test.\n\nThis behavior is configurable, and you can choose to turn this off by listening to the `uncaught:exception` event.\n\nhttps://on.cypress.io/uncaught-exception-from-application\n\nBecause this error occurred during a `before each` hook we are skipping the remaining tests in the current suite: `test almosafer homepage`",
                "estack": "CypressError: The following error originated from your application code, not from Cypress. It was caused by an unhandled promise rejection.\n\n  > undefined\n\nWhen Cypress detects uncaught errors originating from your application it will automatically fail the current test.\n\nThis behavior is configurable, and you can choose to turn this off by listening to the `uncaught:exception` event.\n\nhttps://on.cypress.io/uncaught-exception-from-application\n\nBecause this error occurred during a `before each` hook we are skipping the remaining tests in the current suite: `test almosafer homepage`\nError: The following error originated from your application code, not from Cypress. It was caused by an unhandled promise rejection.\n\n  > undefined\n\nWhen Cypress detects uncaught errors originating from your application it will automatically fail the current test.\n\nThis behavior is configurable, and you can choose to turn this off by listening to the `uncaught:exception` event.\n\nhttps://on.cypress.io/uncaught-exception-from-application\nError\n",
                "diff": null
              },
              "uuid": "aad6b72a-1bcc-442f-ab63-ebbb3966a754",
              "parentUUID": "6f60f884-c874-456c-a8c0-8fe69233a574",
              "isHook": false,
              "skipped": false
            }
          ],
          "suites": [],
          "passes": [],
          "failures": [
            "aad6b72a-1bcc-442f-ab63-ebbb3966a754"
          ],
          "pending": [],
          "skipped": [],
          "duration": 7052,
          "root": false,
          "rootEmpty": false,
          "_timeout": 2000
        }
      ],
      "passes": [],
      "failures": [],
      "pending": [],
      "skipped": [],
      "duration": 0,
      "root": true,
      "rootEmpty": true,
      "_timeout": 2000
    }
  ],
  "meta": {
    "mocha": {
      "version": "7.0.1"
    },
    "mochawesome": {
      "options": {
        "quiet": false,
        "reportFilename": "mochawesome",
        "saveHtml": false,
        "saveJson": true,
        "consoleReporter": "spec",
        "useInlineDiffs": false,
        "code": true
      },
      "version": "7.0.1"
    },
    "marge": {
      "options": {
        "charts": true,
        "overwrite": false,
        "html": false,
        "json": true,
        "reportDir": "cypress/report/mochawesome-report"
      },
      "version": "6.0.1"
    }
  }
}