{
  "stats": {
    "suites": 1,
    "tests": 1,
    "passes": 0,
    "pending": 0,
    "failures": 1,
    "start": "2022-01-22T12:20:59.825Z",
    "end": "2022-01-22T12:21:09.524Z",
    "duration": 9699,
    "testsRegistered": 1,
    "passPercent": 0,
    "pendingPercent": 0,
    "other": 0,
    "hasOther": false,
    "skipped": 0,
    "hasSkipped": false
  },
  "results": [
    {
      "uuid": "f6f544db-f411-4876-872c-9480b5878362",
      "title": "",
      "fullFile": "cypress/integration/alamosafer_test/home_page.js",
      "file": "cypress/integration/alamosafer_test/home_page.js",
      "beforeHooks": [],
      "afterHooks": [],
      "tests": [],
      "suites": [
        {
          "uuid": "1e2c7d70-f108-4762-8b42-f55c3971be97",
          "title": "test almosafer homepage",
          "fullFile": "",
          "file": "",
          "beforeHooks": [],
          "afterHooks": [],
          "tests": [
            {
              "title": "should change the language correctlly",
              "fullTitle": "test almosafer homepage should change the language correctlly",
              "timedOut": null,
              "duration": 5210,
              "state": "failed",
              "speed": null,
              "pass": false,
              "fail": true,
              "pending": false,
              "context": null,
              "code": "homePage.navigate('https://almosafer.com'); //3. Use random method to change language (sometime keep AR, sometime change to EN)\nhomePage.changelanguage();",
              "err": {
                "message": "CypressError: The following error originated from your application code, not from Cypress. It was caused by an unhandled promise rejection.\n\n  > undefined\n\nWhen Cypress detects uncaught errors originating from your application it will automatically fail the current test.\n\nThis behavior is configurable, and you can choose to turn this off by listening to the `uncaught:exception` event.\n\nhttps://on.cypress.io/uncaught-exception-from-application",
                "estack": "CypressError: The following error originated from your application code, not from Cypress. It was caused by an unhandled promise rejection.\n\n  > undefined\n\nWhen Cypress detects uncaught errors originating from your application it will automatically fail the current test.\n\nThis behavior is configurable, and you can choose to turn this off by listening to the `uncaught:exception` event.\n\nhttps://on.cypress.io/uncaught-exception-from-application\nError: The following error originated from your application code, not from Cypress. It was caused by an unhandled promise rejection.\n\n  > undefined\n\nWhen Cypress detects uncaught errors originating from your application it will automatically fail the current test.\n\nThis behavior is configurable, and you can choose to turn this off by listening to the `uncaught:exception` event.\n\nhttps://on.cypress.io/uncaught-exception-from-application\nError\n",
                "diff": null
              },
              "uuid": "59db863a-8152-4b15-b628-0888a0e3acde",
              "parentUUID": "1e2c7d70-f108-4762-8b42-f55c3971be97",
              "isHook": false,
              "skipped": false
            }
          ],
          "suites": [],
          "passes": [],
          "failures": [
            "59db863a-8152-4b15-b628-0888a0e3acde"
          ],
          "pending": [],
          "skipped": [],
          "duration": 5210,
          "root": false,
          "rootEmpty": false,
          "_timeout": 2000
        }
      ],
      "passes": [],
      "failures": [],
      "pending": [],
      "skipped": [],
      "duration": 0,
      "root": true,
      "rootEmpty": true,
      "_timeout": 2000
    }
  ],
  "meta": {
    "mocha": {
      "version": "7.0.1"
    },
    "mochawesome": {
      "options": {
        "quiet": false,
        "reportFilename": "mochawesome",
        "saveHtml": false,
        "saveJson": true,
        "consoleReporter": "spec",
        "useInlineDiffs": false,
        "code": true
      },
      "version": "7.0.1"
    },
    "marge": {
      "options": {
        "charts": true,
        "overwrite": false,
        "html": false,
        "json": true,
        "reportDir": "cypress/report/mochawesome-report"
      },
      "version": "6.0.1"
    }
  }
}