{
  "stats": {
    "suites": 1,
    "tests": 1,
    "passes": 0,
    "pending": 0,
    "failures": 1,
    "start": "2022-01-22T12:17:42.669Z",
    "end": "2022-01-22T12:17:53.412Z",
    "duration": 10743,
    "testsRegistered": 3,
    "passPercent": 0,
    "pendingPercent": 0,
    "other": 0,
    "hasOther": false,
    "skipped": 2,
    "hasSkipped": true
  },
  "results": [
    {
      "uuid": "8a1b3491-b309-428d-856a-451c2c1c6941",
      "title": "",
      "fullFile": "cypress/integration/alamosafer_test/home_page.js",
      "file": "cypress/integration/alamosafer_test/home_page.js",
      "beforeHooks": [],
      "afterHooks": [],
      "tests": [],
      "suites": [
        {
          "uuid": "05db6849-6a70-4124-b308-3913167e942e",
          "title": "test almosafer homepage",
          "fullFile": "",
          "file": "",
          "beforeHooks": [],
          "afterHooks": [],
          "tests": [
            {
              "title": "should have all homepage elements",
              "fullTitle": "test almosafer homepage should have all homepage elements",
              "timedOut": null,
              "duration": 5726,
              "state": "failed",
              "speed": null,
              "pass": false,
              "fail": true,
              "pending": false,
              "context": null,
              "code": "//a. Default language is correct (AR)\nhomePage.verifyCurrentUrllanguage('https://almosafer.com', 'ar'); //b. Default currency is correct (SAR)\nhomePage.verifyCurrencyDdlLabel('SAR '); //c. Contact numbers are correct (check yourself)\nhomePage.verifyContactNumber('+966554400000'); //d. Verify “qitaf” logo is displayed in footer\nhomePage.scrollToFooter();\nhomePage.verifyQitafLogo();\nhomePage.scrollToHeader(); //e. Hotels search tab is NOT selected by default\nhomePage.verifyHotelsSearchButton(); // f. Flight departure date is set to “today+1day” by default\nhomePage.verifyFlightDeparturedate(); // g. Flight return date is set to “today+2days” by default\nhomePage.verifyFlightReturnedate(); //h. Make any other assertions that you want to do (upto your testing mindset!)\nhomePage.verifyTheFlightSection();\nhomePage.verifyTheHotelSection();",
              "err": {
                "message": "CypressError: The following error originated from your application code, not from Cypress. It was caused by an unhandled promise rejection.\n\n  > undefined\n\nWhen Cypress detects uncaught errors originating from your application it will automatically fail the current test.\n\nThis behavior is configurable, and you can choose to turn this off by listening to the `uncaught:exception` event.\n\nhttps://on.cypress.io/uncaught-exception-from-application\n\nBecause this error occurred during a `before each` hook we are skipping the remaining tests in the current suite: `test almosafer homepage`",
                "estack": "CypressError: The following error originated from your application code, not from Cypress. It was caused by an unhandled promise rejection.\n\n  > undefined\n\nWhen Cypress detects uncaught errors originating from your application it will automatically fail the current test.\n\nThis behavior is configurable, and you can choose to turn this off by listening to the `uncaught:exception` event.\n\nhttps://on.cypress.io/uncaught-exception-from-application\n\nBecause this error occurred during a `before each` hook we are skipping the remaining tests in the current suite: `test almosafer homepage`\nError: The following error originated from your application code, not from Cypress. It was caused by an unhandled promise rejection.\n\n  > undefined\n\nWhen Cypress detects uncaught errors originating from your application it will automatically fail the current test.\n\nThis behavior is configurable, and you can choose to turn this off by listening to the `uncaught:exception` event.\n\nhttps://on.cypress.io/uncaught-exception-from-application\nError\n",
                "diff": null
              },
              "uuid": "3204835b-b945-40d3-abe3-e8d992ce99cb",
              "parentUUID": "05db6849-6a70-4124-b308-3913167e942e",
              "isHook": false,
              "skipped": false
            },
            {
              "title": "should change the language correctlly",
              "fullTitle": "test almosafer homepage should change the language correctlly",
              "timedOut": null,
              "duration": 0,
              "state": "skipped",
              "speed": null,
              "pass": false,
              "fail": false,
              "pending": false,
              "context": null,
              "code": "//3. Use random method to change language (sometime keep AR, sometime change to EN)\nhomePage.changelanguage();",
              "err": {},
              "uuid": "705a8f7f-1666-44cc-8fe3-79849fc6e360",
              "parentUUID": "05db6849-6a70-4124-b308-3913167e942e",
              "isHook": false,
              "skipped": true
            },
            {
              "title": "should have the hotel tab, and the functions should be working probably",
              "fullTitle": "test almosafer homepage should have the hotel tab, and the functions should be working probably",
              "timedOut": null,
              "duration": 0,
              "state": "skipped",
              "speed": null,
              "pass": false,
              "fail": false,
              "pending": false,
              "context": null,
              "code": "homePage.switchToHotelTab();\nhomePage.addInputBasedOnLanguageAndClick(); //5. Randomly select “1 room, 2 adults, 0 children” or “1 room, 1 adult, 0 children” option\nhomePage.selectRoomOption(); //6. Click on search hotels button\nhomePage.clickOnSearchHotelBtn(); //7. On new page (which is ‘search results page’)\n//a. Wait for loading to fully complete (wait for loading bar or API, up to you)\nhomePage.waitUntillSearchLoaded(); //b. *important*: do some assertions (which assertions to do ? identify yourself)\n//hotel label is inside the search result.\nhomePage.SearchResultContainsHotels(); //8. Apply sorting option by “LOWEST PRICE”\nhomePage.applyLowestPrice();",
              "err": {},
              "uuid": "89884390-9968-45df-b36f-b9ab905b67f2",
              "parentUUID": "05db6849-6a70-4124-b308-3913167e942e",
              "isHook": false,
              "skipped": true
            }
          ],
          "suites": [],
          "passes": [],
          "failures": [
            "3204835b-b945-40d3-abe3-e8d992ce99cb"
          ],
          "pending": [],
          "skipped": [
            "705a8f7f-1666-44cc-8fe3-79849fc6e360",
            "89884390-9968-45df-b36f-b9ab905b67f2"
          ],
          "duration": 5726,
          "root": false,
          "rootEmpty": false,
          "_timeout": 2000
        }
      ],
      "passes": [],
      "failures": [],
      "pending": [],
      "skipped": [],
      "duration": 0,
      "root": true,
      "rootEmpty": true,
      "_timeout": 2000
    }
  ],
  "meta": {
    "mocha": {
      "version": "7.0.1"
    },
    "mochawesome": {
      "options": {
        "quiet": false,
        "reportFilename": "mochawesome",
        "saveHtml": false,
        "saveJson": true,
        "consoleReporter": "spec",
        "useInlineDiffs": false,
        "code": true
      },
      "version": "7.0.1"
    },
    "marge": {
      "options": {
        "charts": true,
        "overwrite": false,
        "html": false,
        "json": true,
        "reportDir": "cypress/report/mochawesome-report"
      },
      "version": "6.0.1"
    }
  }
}